2025-11-02 18:07:52 INFO  [background-preinit] o.h.validator.internal.util.Version - HV000001: Hibernate Validator 8.0.1.Final
2025-11-02 18:07:52 INFO  [main] o.p.totalbattle.ShellApplication - Starting ShellApplication using Java 21.0.8 with PID 488969 (/home/eduardo/workspace/test/total_battle_selenium/target/classes started by eduardo in /home/eduardo/workspace/test/total_battle_selenium)
2025-11-02 18:07:52 INFO  [main] o.p.totalbattle.ShellApplication - No active profile set, falling back to 1 default profile: "default"
2025-11-02 18:07:53 INFO  [main] o.s.b.w.e.tomcat.TomcatWebServer - Tomcat initialized with port 9095 (http)
2025-11-02 18:07:53 INFO  [main] o.a.coyote.http11.Http11NioProtocol - Initializing ProtocolHandler ["http-nio-9095"]
2025-11-02 18:07:53 INFO  [main] o.a.catalina.core.StandardService - Starting service [Tomcat]
2025-11-02 18:07:53 INFO  [main] o.a.catalina.core.StandardEngine - Starting Servlet engine: [Apache Tomcat/10.1.24]
2025-11-02 18:07:53 INFO  [main] o.a.c.c.C.[Tomcat].[localhost].[/] - Initializing Spring embedded WebApplicationContext
2025-11-02 18:07:53 INFO  [main] o.s.b.w.s.c.ServletWebServerApplicationContext - Root WebApplicationContext: initialization completed in 1026 ms
2025-11-02 18:07:53 WARN  [main] o.s.b.w.s.c.AnnotationConfigServletWebServerApplicationContext - Exception encountered during context initialization - cancelling refresh attempt: org.springframework.beans.factory.BeanCreationException: Error creating bean with name 'requestMappingHandlerMapping' defined in class path resource [org/springframework/boot/autoconfigure/web/servlet/WebMvcAutoConfiguration$EnableWebMvcConfiguration.class]: Ambiguous mapping. Cannot map 'lockController' method 
org.palermo.totalbattle.service.lock.LockController#record(String)
to {POST [/lock]}: There is already 'lockController' bean method
org.palermo.totalbattle.service.lock.LockController#clear() mapped.
2025-11-02 18:07:53 INFO  [main] o.a.catalina.core.StandardService - Stopping service [Tomcat]
2025-11-02 18:07:53 INFO  [main] o.s.b.a.l.ConditionEvaluationReportLogger - 

Error starting ApplicationContext. To display the condition evaluation report re-run your application with 'debug' enabled.
2025-11-02 18:07:53 ERROR [main] o.s.boot.SpringApplication - Application run failed
org.springframework.beans.factory.BeanCreationException: Error creating bean with name 'requestMappingHandlerMapping' defined in class path resource [org/springframework/boot/autoconfigure/web/servlet/WebMvcAutoConfiguration$EnableWebMvcConfiguration.class]: Ambiguous mapping. Cannot map 'lockController' method 
org.palermo.totalbattle.service.lock.LockController#record(String)
to {POST [/lock]}: There is already 'lockController' bean method
org.palermo.totalbattle.service.lock.LockController#clear() mapped.
	at org.springframework.beans.factory.support.AbstractAutowireCapableBeanFactory.initializeBean(AbstractAutowireCapableBeanFactory.java:1788)
	at org.springframework.beans.factory.support.AbstractAutowireCapableBeanFactory.doCreateBean(AbstractAutowireCapableBeanFactory.java:600)
	at org.springframework.beans.factory.support.AbstractAutowireCapableBeanFactory.createBean(AbstractAutowireCapableBeanFactory.java:522)
	at org.springframework.beans.factory.support.AbstractBeanFactory.lambda$doGetBean$0(AbstractBeanFactory.java:337)
	at org.springframework.beans.factory.support.DefaultSingletonBeanRegistry.getSingleton(DefaultSingletonBeanRegistry.java:234)
	at org.springframework.beans.factory.support.AbstractBeanFactory.doGetBean(AbstractBeanFactory.java:335)
	at org.springframework.beans.factory.support.AbstractBeanFactory.getBean(AbstractBeanFactory.java:200)
	at org.springframework.beans.factory.support.DefaultListableBeanFactory.preInstantiateSingletons(DefaultListableBeanFactory.java:975)
	at org.springframework.context.support.AbstractApplicationContext.finishBeanFactoryInitialization(AbstractApplicationContext.java:962)
	at org.springframework.context.support.AbstractApplicationContext.refresh(AbstractApplicationContext.java:624)
	at org.springframework.boot.web.servlet.context.ServletWebServerApplicationContext.refresh(ServletWebServerApplicationContext.java:146)
	at org.springframework.boot.SpringApplication.refresh(SpringApplication.java:754)
	at org.springframework.boot.SpringApplication.refreshContext(SpringApplication.java:456)
	at org.springframework.boot.SpringApplication.run(SpringApplication.java:335)
	at org.springframework.boot.SpringApplication.run(SpringApplication.java:1363)
	at org.springframework.boot.SpringApplication.run(SpringApplication.java:1352)
	at org.palermo.totalbattle.ShellApplication.main(ShellApplication.java:9)
Caused by: java.lang.IllegalStateException: Ambiguous mapping. Cannot map 'lockController' method 
org.palermo.totalbattle.service.lock.LockController#record(String)
to {POST [/lock]}: There is already 'lockController' bean method
org.palermo.totalbattle.service.lock.LockController#clear() mapped.
	at org.springframework.web.servlet.handler.AbstractHandlerMethodMapping$MappingRegistry.validateMethodMapping(AbstractHandlerMethodMapping.java:674)
	at org.springframework.web.servlet.handler.AbstractHandlerMethodMapping$MappingRegistry.register(AbstractHandlerMethodMapping.java:636)
	at org.springframework.web.servlet.handler.AbstractHandlerMethodMapping.registerHandlerMethod(AbstractHandlerMethodMapping.java:331)
	at org.springframework.web.servlet.mvc.method.annotation.RequestMappingHandlerMapping.registerHandlerMethod(RequestMappingHandlerMapping.java:508)
	at org.springframework.web.servlet.mvc.method.annotation.RequestMappingHandlerMapping.registerHandlerMethod(RequestMappingHandlerMapping.java:84)
	at org.springframework.web.servlet.handler.AbstractHandlerMethodMapping.lambda$detectHandlerMethods$2(AbstractHandlerMethodMapping.java:298)
	at java.base/java.util.LinkedHashMap.forEach(LinkedHashMap.java:986)
	at org.springframework.web.servlet.handler.AbstractHandlerMethodMapping.detectHandlerMethods(AbstractHandlerMethodMapping.java:296)
	at org.springframework.web.servlet.handler.AbstractHandlerMethodMapping.processCandidateBean(AbstractHandlerMethodMapping.java:265)
	at org.springframework.web.servlet.handler.AbstractHandlerMethodMapping.initHandlerMethods(AbstractHandlerMethodMapping.java:224)
	at org.springframework.web.servlet.handler.AbstractHandlerMethodMapping.afterPropertiesSet(AbstractHandlerMethodMapping.java:212)
	at org.springframework.web.servlet.mvc.method.annotation.RequestMappingHandlerMapping.afterPropertiesSet(RequestMappingHandlerMapping.java:239)
	at org.springframework.beans.factory.support.AbstractAutowireCapableBeanFactory.invokeInitMethods(AbstractAutowireCapableBeanFactory.java:1835)
	at org.springframework.beans.factory.support.AbstractAutowireCapableBeanFactory.initializeBean(AbstractAutowireCapableBeanFactory.java:1784)
	... 16 common frames omitted
2025-11-02 18:09:47 INFO  [background-preinit] o.h.validator.internal.util.Version - HV000001: Hibernate Validator 8.0.1.Final
2025-11-02 18:09:47 INFO  [main] o.p.totalbattle.ShellApplication - Starting ShellApplication using Java 21.0.8 with PID 491916 (/home/eduardo/workspace/test/total_battle_selenium/target/classes started by eduardo in /home/eduardo/workspace/test/total_battle_selenium)
2025-11-02 18:09:47 INFO  [main] o.p.totalbattle.ShellApplication - No active profile set, falling back to 1 default profile: "default"
2025-11-02 18:09:48 INFO  [main] o.s.b.w.e.tomcat.TomcatWebServer - Tomcat initialized with port 9095 (http)
2025-11-02 18:09:48 INFO  [main] o.a.coyote.http11.Http11NioProtocol - Initializing ProtocolHandler ["http-nio-9095"]
2025-11-02 18:09:48 INFO  [main] o.a.catalina.core.StandardService - Starting service [Tomcat]
2025-11-02 18:09:48 INFO  [main] o.a.catalina.core.StandardEngine - Starting Servlet engine: [Apache Tomcat/10.1.24]
2025-11-02 18:09:48 INFO  [main] o.a.c.c.C.[Tomcat].[localhost].[/] - Initializing Spring embedded WebApplicationContext
2025-11-02 18:09:48 INFO  [main] o.s.b.w.s.c.ServletWebServerApplicationContext - Root WebApplicationContext: initialization completed in 786 ms
2025-11-02 18:09:48 WARN  [main] org.jline - Unable to create a system terminal, creating a dumb terminal (enable debug logging for more information)
2025-11-02 18:09:49 INFO  [main] o.a.coyote.http11.Http11NioProtocol - Starting ProtocolHandler ["http-nio-9095"]
2025-11-02 18:09:49 INFO  [main] o.s.b.w.e.tomcat.TomcatWebServer - Tomcat started on port 9095 (http) with context path '/'
2025-11-02 18:09:49 INFO  [main] o.s.b.w.e.tomcat.TomcatWebServer - Tomcat initialized with port 9096 (http)
2025-11-02 18:09:49 INFO  [main] o.a.coyote.http11.Http11NioProtocol - Initializing ProtocolHandler ["http-nio-9096"]
2025-11-02 18:09:49 INFO  [main] o.a.catalina.core.StandardService - Starting service [Tomcat]
2025-11-02 18:09:49 INFO  [main] o.a.catalina.core.StandardEngine - Starting Servlet engine: [Apache Tomcat/10.1.24]
2025-11-02 18:09:49 INFO  [main] o.a.c.c.C.[Tomcat-1].[localhost].[/] - Initializing Spring embedded WebApplicationContext
2025-11-02 18:09:49 INFO  [main] o.s.b.w.s.c.ServletWebServerApplicationContext - Root WebApplicationContext: initialization completed in 63 ms
2025-11-02 18:09:49 INFO  [main] o.s.b.a.e.web.EndpointLinksResolver - Exposing 1 endpoint beneath base path '/actuator'
2025-11-02 18:09:49 INFO  [main] o.a.coyote.http11.Http11NioProtocol - Starting ProtocolHandler ["http-nio-9096"]
2025-11-02 18:09:49 INFO  [main] o.s.b.w.e.tomcat.TomcatWebServer - Tomcat started on port 9096 (http) with context path '/'
2025-11-02 18:09:49 INFO  [main] o.p.totalbattle.ShellApplication - Started ShellApplication in 1.922 seconds (process running for 2.414)
2025-11-02 18:09:49 INFO  [RMI TCP Connection(2)-127.0.0.1] o.a.c.c.C.[Tomcat].[localhost].[/] - Initializing Spring DispatcherServlet 'dispatcherServlet'
2025-11-02 18:09:49 INFO  [RMI TCP Connection(2)-127.0.0.1] o.s.web.servlet.DispatcherServlet - Initializing Servlet 'dispatcherServlet'
2025-11-02 18:09:49 INFO  [RMI TCP Connection(2)-127.0.0.1] o.s.web.servlet.DispatcherServlet - Completed initialization in 2 ms
2025-11-02 18:11:01 INFO  [background-preinit] o.h.validator.internal.util.Version - HV000001: Hibernate Validator 8.0.1.Final
2025-11-02 18:11:01 INFO  [main] o.p.totalbattle.ShellApplication - Starting ShellApplication using Java 21.0.8 with PID 493830 (/home/eduardo/workspace/test/total_battle_selenium/target/classes started by eduardo in /home/eduardo/workspace/test/total_battle_selenium)
2025-11-02 18:11:01 INFO  [main] o.p.totalbattle.ShellApplication - No active profile set, falling back to 1 default profile: "default"
2025-11-02 18:11:02 INFO  [main] o.s.b.w.e.tomcat.TomcatWebServer - Tomcat initialized with port 9095 (http)
2025-11-02 18:11:02 INFO  [main] o.a.coyote.http11.Http11NioProtocol - Initializing ProtocolHandler ["http-nio-9095"]
2025-11-02 18:11:02 INFO  [main] o.a.catalina.core.StandardService - Starting service [Tomcat]
2025-11-02 18:11:02 INFO  [main] o.a.catalina.core.StandardEngine - Starting Servlet engine: [Apache Tomcat/10.1.24]
2025-11-02 18:11:02 INFO  [main] o.a.c.c.C.[Tomcat].[localhost].[/] - Initializing Spring embedded WebApplicationContext
2025-11-02 18:11:02 INFO  [main] o.s.b.w.s.c.ServletWebServerApplicationContext - Root WebApplicationContext: initialization completed in 783 ms
2025-11-02 18:11:03 WARN  [main] org.jline - Unable to create a system terminal, creating a dumb terminal (enable debug logging for more information)
2025-11-02 18:11:03 INFO  [main] o.a.coyote.http11.Http11NioProtocol - Starting ProtocolHandler ["http-nio-9095"]
2025-11-02 18:11:03 INFO  [main] o.s.b.w.e.tomcat.TomcatWebServer - Tomcat started on port 9095 (http) with context path '/'
2025-11-02 18:11:03 INFO  [main] o.s.b.w.e.tomcat.TomcatWebServer - Tomcat initialized with port 9096 (http)
2025-11-02 18:11:03 INFO  [main] o.a.coyote.http11.Http11NioProtocol - Initializing ProtocolHandler ["http-nio-9096"]
2025-11-02 18:11:03 INFO  [main] o.a.catalina.core.StandardService - Starting service [Tomcat]
2025-11-02 18:11:03 INFO  [main] o.a.catalina.core.StandardEngine - Starting Servlet engine: [Apache Tomcat/10.1.24]
2025-11-02 18:11:03 INFO  [main] o.a.c.c.C.[Tomcat-1].[localhost].[/] - Initializing Spring embedded WebApplicationContext
2025-11-02 18:11:03 INFO  [main] o.s.b.w.s.c.ServletWebServerApplicationContext - Root WebApplicationContext: initialization completed in 54 ms
2025-11-02 18:11:03 INFO  [main] o.s.b.a.e.web.EndpointLinksResolver - Exposing 1 endpoint beneath base path '/actuator'
2025-11-02 18:11:03 INFO  [main] o.a.coyote.http11.Http11NioProtocol - Starting ProtocolHandler ["http-nio-9096"]
2025-11-02 18:11:03 INFO  [main] o.s.b.w.e.tomcat.TomcatWebServer - Tomcat started on port 9096 (http) with context path '/'
2025-11-02 18:11:03 INFO  [main] o.p.totalbattle.ShellApplication - Started ShellApplication in 1.907 seconds (process running for 2.383)
2025-11-02 18:11:03 INFO  [RMI TCP Connection(3)-127.0.0.1] o.a.c.c.C.[Tomcat].[localhost].[/] - Initializing Spring DispatcherServlet 'dispatcherServlet'
2025-11-02 18:11:03 INFO  [RMI TCP Connection(3)-127.0.0.1] o.s.web.servlet.DispatcherServlet - Initializing Servlet 'dispatcherServlet'
2025-11-02 18:11:03 INFO  [RMI TCP Connection(3)-127.0.0.1] o.s.web.servlet.DispatcherServlet - Completed initialization in 2 ms
2025-11-02 19:25:48 INFO  [background-preinit] o.h.validator.internal.util.Version - HV000001: Hibernate Validator 8.0.1.Final
2025-11-02 19:25:48 INFO  [main] org.palermo.totalbattle.Application - Starting Application using Java 21.0.8 with PID 604972 (/home/eduardo/workspace/test/total_battle_selenium/target/classes started by eduardo in /home/eduardo/workspace/test/total_battle_selenium)
2025-11-02 19:25:48 INFO  [main] org.palermo.totalbattle.Application - No active profile set, falling back to 1 default profile: "default"
2025-11-02 19:25:49 INFO  [main] o.s.b.w.e.tomcat.TomcatWebServer - Tomcat initialized with port 9095 (http)
2025-11-02 19:25:49 INFO  [main] o.a.coyote.http11.Http11NioProtocol - Initializing ProtocolHandler ["http-nio-9095"]
2025-11-02 19:25:49 INFO  [main] o.a.catalina.core.StandardService - Starting service [Tomcat]
2025-11-02 19:25:49 INFO  [main] o.a.catalina.core.StandardEngine - Starting Servlet engine: [Apache Tomcat/10.1.24]
2025-11-02 19:25:49 INFO  [main] o.a.c.c.C.[Tomcat].[localhost].[/] - Initializing Spring embedded WebApplicationContext
2025-11-02 19:25:49 INFO  [main] o.s.b.w.s.c.ServletWebServerApplicationContext - Root WebApplicationContext: initialization completed in 802 ms
2025-11-02 19:25:49 WARN  [main] org.jline - Unable to create a system terminal, creating a dumb terminal (enable debug logging for more information)
2025-11-02 19:25:49 INFO  [main] o.a.coyote.http11.Http11NioProtocol - Starting ProtocolHandler ["http-nio-9095"]
2025-11-02 19:25:49 INFO  [main] o.s.b.w.e.tomcat.TomcatWebServer - Tomcat started on port 9095 (http) with context path '/'
2025-11-02 19:25:49 INFO  [main] o.s.b.w.e.tomcat.TomcatWebServer - Tomcat initialized with port 9096 (http)
2025-11-02 19:25:49 INFO  [main] o.a.coyote.http11.Http11NioProtocol - Initializing ProtocolHandler ["http-nio-9096"]
2025-11-02 19:25:49 INFO  [main] o.a.catalina.core.StandardService - Starting service [Tomcat]
2025-11-02 19:25:49 INFO  [main] o.a.catalina.core.StandardEngine - Starting Servlet engine: [Apache Tomcat/10.1.24]
2025-11-02 19:25:49 INFO  [main] o.a.c.c.C.[Tomcat-1].[localhost].[/] - Initializing Spring embedded WebApplicationContext
2025-11-02 19:25:49 INFO  [main] o.s.b.w.s.c.ServletWebServerApplicationContext - Root WebApplicationContext: initialization completed in 57 ms
2025-11-02 19:25:49 INFO  [main] o.s.b.a.e.web.EndpointLinksResolver - Exposing 1 endpoint beneath base path '/actuator'
2025-11-02 19:25:49 INFO  [main] o.a.coyote.http11.Http11NioProtocol - Starting ProtocolHandler ["http-nio-9096"]
2025-11-02 19:25:49 INFO  [main] o.s.b.w.e.tomcat.TomcatWebServer - Tomcat started on port 9096 (http) with context path '/'
2025-11-02 19:25:49 INFO  [main] org.palermo.totalbattle.Application - Started Application in 1.872 seconds (process running for 2.345)
2025-11-02 19:25:49 INFO  [main] org.palermo.totalbattle.Application - Application started!!!
2025-11-02 19:25:50 INFO  [RMI TCP Connection(3)-127.0.0.1] o.a.c.c.C.[Tomcat].[localhost].[/] - Initializing Spring DispatcherServlet 'dispatcherServlet'
2025-11-02 19:25:50 INFO  [RMI TCP Connection(3)-127.0.0.1] o.s.web.servlet.DispatcherServlet - Initializing Servlet 'dispatcherServlet'
2025-11-02 19:25:50 INFO  [RMI TCP Connection(3)-127.0.0.1] o.s.web.servlet.DispatcherServlet - Completed initialization in 1 ms
2025-11-02 19:45:21 INFO  [background-preinit] o.h.validator.internal.util.Version - HV000001: Hibernate Validator 8.0.1.Final
2025-11-02 19:45:21 INFO  [main] org.palermo.totalbattle.Application - Starting Application using Java 21.0.8 with PID 634233 (/home/eduardo/workspace/test/total_battle_selenium/target/classes started by eduardo in /home/eduardo/workspace/test/total_battle_selenium)
2025-11-02 19:45:21 INFO  [main] org.palermo.totalbattle.Application - No active profile set, falling back to 1 default profile: "default"
2025-11-02 19:45:22 INFO  [main] o.s.b.w.e.tomcat.TomcatWebServer - Tomcat initialized with port 9095 (http)
2025-11-02 19:45:22 INFO  [main] o.a.coyote.http11.Http11NioProtocol - Initializing ProtocolHandler ["http-nio-9095"]
2025-11-02 19:45:22 INFO  [main] o.a.catalina.core.StandardService - Starting service [Tomcat]
2025-11-02 19:45:22 INFO  [main] o.a.catalina.core.StandardEngine - Starting Servlet engine: [Apache Tomcat/10.1.24]
2025-11-02 19:45:22 INFO  [main] o.a.c.c.C.[Tomcat].[localhost].[/] - Initializing Spring embedded WebApplicationContext
2025-11-02 19:45:22 INFO  [main] o.s.b.w.s.c.ServletWebServerApplicationContext - Root WebApplicationContext: initialization completed in 1312 ms
2025-11-02 19:45:23 WARN  [main] org.jline - Unable to create a system terminal, creating a dumb terminal (enable debug logging for more information)
2025-11-02 19:45:24 INFO  [main] o.a.coyote.http11.Http11NioProtocol - Starting ProtocolHandler ["http-nio-9095"]
2025-11-02 19:45:24 INFO  [main] o.s.b.w.e.tomcat.TomcatWebServer - Tomcat started on port 9095 (http) with context path '/'
2025-11-02 19:45:24 INFO  [main] o.s.b.w.e.tomcat.TomcatWebServer - Tomcat initialized with port 9096 (http)
2025-11-02 19:45:24 INFO  [main] o.a.coyote.http11.Http11NioProtocol - Initializing ProtocolHandler ["http-nio-9096"]
2025-11-02 19:45:24 INFO  [main] o.a.catalina.core.StandardService - Starting service [Tomcat]
2025-11-02 19:45:24 INFO  [main] o.a.catalina.core.StandardEngine - Starting Servlet engine: [Apache Tomcat/10.1.24]
2025-11-02 19:45:24 INFO  [main] o.a.c.c.C.[Tomcat-1].[localhost].[/] - Initializing Spring embedded WebApplicationContext
2025-11-02 19:45:24 INFO  [main] o.s.b.w.s.c.ServletWebServerApplicationContext - Root WebApplicationContext: initialization completed in 103 ms
2025-11-02 19:45:24 INFO  [main] o.s.b.a.e.web.EndpointLinksResolver - Exposing 1 endpoint beneath base path '/actuator'
2025-11-02 19:45:24 INFO  [main] o.a.coyote.http11.Http11NioProtocol - Starting ProtocolHandler ["http-nio-9096"]
2025-11-02 19:45:24 INFO  [main] o.s.b.w.e.tomcat.TomcatWebServer - Tomcat started on port 9096 (http) with context path '/'
2025-11-02 19:45:24 INFO  [main] org.palermo.totalbattle.Application - Started Application in 3.143 seconds (process running for 4.678)
2025-11-02 19:45:24 INFO  [main] org.palermo.totalbattle.Application - Application started!!!
2025-11-02 19:45:24 INFO  [RMI TCP Connection(4)-127.0.0.1] o.a.c.c.C.[Tomcat].[localhost].[/] - Initializing Spring DispatcherServlet 'dispatcherServlet'
2025-11-02 19:45:24 INFO  [RMI TCP Connection(4)-127.0.0.1] o.s.web.servlet.DispatcherServlet - Initializing Servlet 'dispatcherServlet'
2025-11-02 19:45:24 INFO  [RMI TCP Connection(4)-127.0.0.1] o.s.web.servlet.DispatcherServlet - Completed initialization in 3 ms
