2025-11-09 00:02:35 INFO  [main] i.g.bonigarcia.wdm.WebDriverManager - Using chromedriver 142.0.7444.61 (resolved driver for Chrome 142)
2025-11-09 00:02:35 INFO  [main] i.g.bonigarcia.wdm.WebDriverManager - Exporting webdriver.chrome.driver as /home/eduardo/.cache/selenium/chromedriver/linux64/142.0.7444.61/chromedriver
2025-11-09 00:04:06 INFO  [main] i.g.bonigarcia.wdm.WebDriverManager - Using chromedriver 142.0.7444.61 (resolved driver for Chrome 142)
2025-11-09 00:04:06 INFO  [main] i.g.bonigarcia.wdm.WebDriverManager - Exporting webdriver.chrome.driver as /home/eduardo/.cache/selenium/chromedriver/linux64/142.0.7444.61/chromedriver
2025-11-09 00:10:07 INFO  [main] i.g.bonigarcia.wdm.WebDriverManager - Using chromedriver 142.0.7444.61 (resolved driver for Chrome 142)
2025-11-09 00:10:07 INFO  [main] i.g.bonigarcia.wdm.WebDriverManager - Exporting webdriver.chrome.driver as /home/eduardo/.cache/selenium/chromedriver/linux64/142.0.7444.61/chromedriver
2025-11-09 00:10:51 INFO  [main] org.palermo.totalbattle.player.Task - Speed up 15m not available
2025-11-09 00:12:28 INFO  [main] i.g.bonigarcia.wdm.WebDriverManager - Using chromedriver 142.0.7444.61 (resolved driver for Chrome 142)
2025-11-09 00:12:28 INFO  [main] i.g.bonigarcia.wdm.WebDriverManager - Exporting webdriver.chrome.driver as /home/eduardo/.cache/selenium/chromedriver/linux64/142.0.7444.61/chromedriver
2025-11-09 00:13:05 INFO  [main] org.palermo.totalbattle.player.Task - Speed up 15m is available!!
2025-11-09 00:25:06 INFO  [main] i.g.bonigarcia.wdm.WebDriverManager - Using chromedriver 142.0.7444.61 (resolved driver for Chrome 142)
2025-11-09 00:25:06 INFO  [main] i.g.bonigarcia.wdm.WebDriverManager - Exporting webdriver.chrome.driver as /home/eduardo/.cache/selenium/chromedriver/linux64/142.0.7444.61/chromedriver
2025-11-09 00:27:36 INFO  [main] i.g.bonigarcia.wdm.WebDriverManager - Using chromedriver 142.0.7444.61 (resolved driver for Chrome 142)
2025-11-09 00:27:36 INFO  [main] i.g.bonigarcia.wdm.WebDriverManager - Exporting webdriver.chrome.driver as /home/eduardo/.cache/selenium/chromedriver/linux64/142.0.7444.61/chromedriver
2025-11-09 00:28:18 INFO  [main] org.palermo.totalbattle.player.Task - Speed up 30d is available!!
2025-11-09 00:30:08 INFO  [main] i.g.bonigarcia.wdm.WebDriverManager - Using chromedriver 142.0.7444.61 (resolved driver for Chrome 142)
2025-11-09 00:30:08 INFO  [main] i.g.bonigarcia.wdm.WebDriverManager - Exporting webdriver.chrome.driver as /home/eduardo/.cache/selenium/chromedriver/linux64/142.0.7444.61/chromedriver
2025-11-09 00:31:24 INFO  [main] i.g.bonigarcia.wdm.WebDriverManager - Using chromedriver 142.0.7444.61 (resolved driver for Chrome 142)
2025-11-09 00:31:24 INFO  [main] i.g.bonigarcia.wdm.WebDriverManager - Exporting webdriver.chrome.driver as /home/eduardo/.cache/selenium/chromedriver/linux64/142.0.7444.61/chromedriver
2025-11-09 00:32:14 INFO  [main] org.palermo.totalbattle.player.Task - Speed up 30d is available!!
2025-11-09 00:32:57 INFO  [main] i.g.bonigarcia.wdm.WebDriverManager - Using chromedriver 142.0.7444.61 (resolved driver for Chrome 142)
2025-11-09 00:32:57 INFO  [main] i.g.bonigarcia.wdm.WebDriverManager - Exporting webdriver.chrome.driver as /home/eduardo/.cache/selenium/chromedriver/linux64/142.0.7444.61/chromedriver
2025-11-09 00:33:49 INFO  [main] org.palermo.totalbattle.player.Task - Speed up 30d is available!!
2025-11-09 00:34:15 INFO  [main] i.g.bonigarcia.wdm.WebDriverManager - Using chromedriver 142.0.7444.61 (resolved driver for Chrome 142)
2025-11-09 00:34:15 INFO  [main] i.g.bonigarcia.wdm.WebDriverManager - Exporting webdriver.chrome.driver as /home/eduardo/.cache/selenium/chromedriver/linux64/142.0.7444.61/chromedriver
2025-11-09 00:35:09 INFO  [main] org.palermo.totalbattle.player.Task - Speed up 30d is available!!
2025-11-09 00:35:30 INFO  [main] i.g.bonigarcia.wdm.WebDriverManager - Using chromedriver 142.0.7444.61 (resolved driver for Chrome 142)
2025-11-09 00:35:30 INFO  [main] i.g.bonigarcia.wdm.WebDriverManager - Exporting webdriver.chrome.driver as /home/eduardo/.cache/selenium/chromedriver/linux64/142.0.7444.61/chromedriver
2025-11-09 00:36:22 INFO  [main] org.palermo.totalbattle.player.Task - Speed up 30d is available!!
2025-11-09 00:37:22 INFO  [main] i.g.bonigarcia.wdm.WebDriverManager - Using chromedriver 142.0.7444.61 (resolved driver for Chrome 142)
2025-11-09 00:37:22 INFO  [main] i.g.bonigarcia.wdm.WebDriverManager - Exporting webdriver.chrome.driver as /home/eduardo/.cache/selenium/chromedriver/linux64/142.0.7444.61/chromedriver
2025-11-09 00:38:37 INFO  [main] org.palermo.totalbattle.player.Task - Speed up 30d is available!!
2025-11-09 00:39:56 INFO  [main] i.g.bonigarcia.wdm.WebDriverManager - Using chromedriver 142.0.7444.61 (resolved driver for Chrome 142)
2025-11-09 00:39:56 INFO  [main] i.g.bonigarcia.wdm.WebDriverManager - Exporting webdriver.chrome.driver as /home/eduardo/.cache/selenium/chromedriver/linux64/142.0.7444.61/chromedriver
2025-11-09 00:40:58 INFO  [main] org.palermo.totalbattle.player.Task - Speed up 30d is available!!
2025-11-09 00:43:45 INFO  [main] i.g.bonigarcia.wdm.WebDriverManager - Using chromedriver 142.0.7444.61 (resolved driver for Chrome 142)
2025-11-09 00:43:45 INFO  [main] i.g.bonigarcia.wdm.WebDriverManager - Exporting webdriver.chrome.driver as /home/eduardo/.cache/selenium/chromedriver/linux64/142.0.7444.61/chromedriver
2025-11-09 00:44:47 INFO  [main] org.palermo.totalbattle.player.Task - Speed up 30d is available!!
2025-11-09 00:45:42 INFO  [main] i.g.bonigarcia.wdm.WebDriverManager - Using chromedriver 142.0.7444.61 (resolved driver for Chrome 142)
2025-11-09 00:45:42 INFO  [main] i.g.bonigarcia.wdm.WebDriverManager - Exporting webdriver.chrome.driver as /home/eduardo/.cache/selenium/chromedriver/linux64/142.0.7444.61/chromedriver
2025-11-09 00:46:39 INFO  [main] org.palermo.totalbattle.player.Task - Speed up 30d is available!!
2025-11-09 00:46:54 INFO  [main] i.g.bonigarcia.wdm.WebDriverManager - Using chromedriver 142.0.7444.61 (resolved driver for Chrome 142)
2025-11-09 00:46:54 INFO  [main] i.g.bonigarcia.wdm.WebDriverManager - Exporting webdriver.chrome.driver as /home/eduardo/.cache/selenium/chromedriver/linux64/142.0.7444.61/chromedriver
2025-11-09 00:47:58 INFO  [main] org.palermo.totalbattle.player.Task - Speed up 30d is available!!
2025-11-09 00:48:55 INFO  [main] i.g.bonigarcia.wdm.WebDriverManager - Using chromedriver 142.0.7444.61 (resolved driver for Chrome 142)
2025-11-09 00:48:55 INFO  [main] i.g.bonigarcia.wdm.WebDriverManager - Exporting webdriver.chrome.driver as /home/eduardo/.cache/selenium/chromedriver/linux64/142.0.7444.61/chromedriver
2025-11-09 00:50:13 INFO  [main] i.g.bonigarcia.wdm.WebDriverManager - Using chromedriver 142.0.7444.61 (resolved driver for Chrome 142)
2025-11-09 00:50:13 INFO  [main] i.g.bonigarcia.wdm.WebDriverManager - Exporting webdriver.chrome.driver as /home/eduardo/.cache/selenium/chromedriver/linux64/142.0.7444.61/chromedriver
2025-11-09 00:51:14 INFO  [main] org.palermo.totalbattle.player.Task - Speed up 30d is available!!
2025-11-09 00:53:29 INFO  [main] i.g.bonigarcia.wdm.WebDriverManager - Using chromedriver 142.0.7444.61 (resolved driver for Chrome 142)
2025-11-09 00:53:29 INFO  [main] i.g.bonigarcia.wdm.WebDriverManager - Exporting webdriver.chrome.driver as /home/eduardo/.cache/selenium/chromedriver/linux64/142.0.7444.61/chromedriver
2025-11-09 00:54:17 INFO  [main] org.palermo.totalbattle.player.Task - Speed up 1m is available!!
2025-11-09 01:03:51 INFO  [main] i.g.bonigarcia.wdm.WebDriverManager - Using chromedriver 142.0.7444.61 (resolved driver for Chrome 142)
2025-11-09 01:03:51 INFO  [main] i.g.bonigarcia.wdm.WebDriverManager - Exporting webdriver.chrome.driver as /home/eduardo/.cache/selenium/chromedriver/linux64/142.0.7444.61/chromedriver
2025-11-09 01:05:08 INFO  [main] i.g.bonigarcia.wdm.WebDriverManager - Using chromedriver 142.0.7444.61 (resolved driver for Chrome 142)
2025-11-09 01:05:08 INFO  [main] i.g.bonigarcia.wdm.WebDriverManager - Exporting webdriver.chrome.driver as /home/eduardo/.cache/selenium/chromedriver/linux64/142.0.7444.61/chromedriver
2025-11-09 01:07:02 INFO  [main] i.g.bonigarcia.wdm.WebDriverManager - Using chromedriver 142.0.7444.61 (resolved driver for Chrome 142)
2025-11-09 01:07:02 INFO  [main] i.g.bonigarcia.wdm.WebDriverManager - Exporting webdriver.chrome.driver as /home/eduardo/.cache/selenium/chromedriver/linux64/142.0.7444.61/chromedriver
2025-11-09 01:07:54 INFO  [main] org.palermo.totalbattle.player.Task - Speed up 15m is available!!
